[debug] > Exec(early(addDefaultCommands), None, None)
[debug] > Exec(addDefaultCommands, None, None)
[debug] > Exec(early(initialize), None, None)
[debug] > Exec(initialize, None, None)
[debug] > Exec(early(addPluginSbtFile="""C:\Users\Papou\AppData\Local\Temp\idea.sbt"""), None, None)
[debug] > Exec(addPluginSbtFile="""C:\Users\Papou\AppData\Local\Temp\idea.sbt""", None, None)
[debug] > Exec(boot, None, None)
[debug] > Exec(writeSbtVersion, None, None)
[debug] > Exec(reload, None, None)
[debug] > Exec(sbtStashOnFailure, None, None)
[debug] > Exec(onFailure loadFailed, None, None)
[debug] > Exec(loadp, None, None)
[info] welcome to sbt 1.9.8 (Oracle Corporation Java 11.0.23)
[debug] Load.defaultLoad until apply took 76.9384ms
[debug]           Load.loadUnit: plugins took 57.1087ms
[debug]           Load.loadUnit: defsScala took 0.2227ms
[debug] [Loading] Scanning directory C:\Users\Papou\Desktop\INF424_Spark_Analytics_2024\project
[debug]             Load.loadUnit: mkEval took 4.7213ms
[debug] [Loading] Found non-root projects 
[debug] [Loading] Done in C:\Users\Papou\Desktop\INF424_Spark_Analytics_2024\project, returning: ()
[debug] deducing auto plugins based on known facts Set(Atom(sbt.plugins.CorePlugin)) and clauses Clauses(Clause(Atom(sbt.plugins.JvmPlugin),Set(Atom(sbt.plugins.IvyPlugin)))
[debug] Clause(Atom(sbt.ScriptedPlugin),Set(Atom(sbt.plugins.JvmPlugin)))
[debug] Clause(Atom(sbt.plugins.SbtPlugin),Set(Atom(sbt.ScriptedPlugin)))
[debug] Clause(Atom(sbt.plugins.SemanticdbPlugin),Set(Atom(sbt.plugins.JvmPlugin)))
[debug] Clause(Atom(sbt.plugins.JUnitXmlReportPlugin),Set(Atom(sbt.plugins.JvmPlugin)))
[debug] Clause(Atom(sbt.plugins.MiniDependencyTreePlugin),Set(Atom(sbt.plugins.JvmPlugin)))
[debug] Clause(Atom(sbt.plugins.CorePlugin),Set(Atom(sbt.plugins.IvyPlugin)))
[debug] Clause(Atom(sbt.plugins.IvyPlugin),Set(Atom(sbt.plugins.JvmPlugin)))
[debug] Clause(Atom(sbt.plugins.JvmPlugin),Set(Atom(sbt.plugins.SemanticdbPlugin)))
[debug] Clause(Atom(sbt.plugins.JvmPlugin),Set(Atom(sbt.plugins.JUnitXmlReportPlugin)))
[debug] Clause(Atom(sbt.plugins.CorePlugin),Set(Atom(sbt.plugins.Giter8TemplatePlugin)))
[debug] Clause(Atom(sbt.plugins.JvmPlugin),Set(Atom(sbt.plugins.MiniDependencyTreePlugin))))
[debug]   :: deduced result: Matched(sbt.plugins.CorePlugin,sbt.plugins.Giter8TemplatePlugin,sbt.plugins.IvyPlugin,sbt.plugins.JvmPlugin,sbt.plugins.MiniDependencyTreePlugin,sbt.plugins.JUnitXmlReportPlugin,sbt.plugins.SemanticdbPlugin)
[debug] Plugins.deducer#function took 10.2306 ms
[info] loading settings for project inf424_spark_analytics_2024-build from idea.sbt ...
[debug]               Load.resolveProject(inf424_spark_analytics_2024-build) took 33.8635ms
[debug]             Load.loadTransitive: finalizeProject(Project(id inf424_spark_analytics_2024-build, base: C:\Users\Papou\Desktop\INF424_Spark_Analytics_2024\project, plugins: List(<none>))) took 61.2254ms
[debug] [Loading] Done in C:\Users\Papou\Desktop\INF424_Spark_Analytics_2024\project, returning: (inf424_spark_analytics_2024-build)
[debug]           Load.loadUnit: loadedProjectsRaw took 342.8151ms
[debug]           Load.loadUnit: cleanEvalClasses took 4.3526ms
[debug]         Load.loadUnit(file:/C:/Users/Papou/Desktop/INF424_Spark_Analytics_2024/project/, ...) took 408.0786ms
[debug]       Load.apply: load took 494.912ms
[debug]       Load.apply: resolveProjects took 3.369ms
[debug]       Load.apply: finalTransforms took 38.8628ms
[debug]       Load.apply: config.delegates took 4.5553ms
[debug]       Load.apply: Def.make(settings)... took 247.3846ms
[debug]       Load.apply: structureIndex took 74.1633ms
[debug]       Load.apply: mkStreams took 1.254ms
[info] loading project definition from C:\Users\Papou\Desktop\INF424_Spark_Analytics_2024\project
[debug] Running task... Cancel: Signal, check cycles: false, forcegc: true
[debug]     Load.loadUnit: plugins took 1511.5707ms
[debug]     Load.loadUnit: defsScala took 0.0035ms
[debug] [Loading] Scanning directory C:\Users\Papou\Desktop\INF424_Spark_Analytics_2024
[debug]       Load.loadUnit: mkEval took 0.2705ms
[debug] [Loading] Found root project root w/ remaining 
[debug] deducing auto plugins based on known facts Set(Atom(sbt.plugins.CorePlugin)) and clauses Clauses(Clause(Atom(sbt.plugins.JvmPlugin),Set(Atom(sbt.plugins.IvyPlugin)))
[debug] Clause(Atom(sbt.ScriptedPlugin),Set(Atom(sbt.plugins.JvmPlugin)))
[debug] Clause(Atom(sbt.plugins.SbtPlugin),Set(Atom(sbt.ScriptedPlugin)))
[debug] Clause(Atom(sbt.plugins.SemanticdbPlugin),Set(Atom(sbt.plugins.JvmPlugin)))
[debug] Clause(Atom(sbt.plugins.JUnitXmlReportPlugin),Set(Atom(sbt.plugins.JvmPlugin)))
[debug] Clause(Atom(sbt.plugins.MiniDependencyTreePlugin),Set(Atom(sbt.plugins.JvmPlugin)))
[debug] Clause(Atom(org.jetbrains.sbt.StructurePlugin),Set(Atom(sbt.plugins.JvmPlugin)))
[debug] Clause(Atom(org.jetbrains.sbt.IdeaShellPlugin),Set(Atom(sbt.plugins.JvmPlugin)))
[debug] Clause(Atom(org.jetbrains.sbt.indices.SbtIntellijIndicesPlugin),Set(Atom(sbt.plugins.JvmPlugin)))
[debug] Clause(Atom(sbt.plugins.CorePlugin),Set(Atom(sbt.plugins.IvyPlugin)))
[debug] Clause(Atom(sbt.plugins.IvyPlugin),Set(Atom(sbt.plugins.JvmPlugin)))
[debug] Clause(Atom(sbt.plugins.JvmPlugin),Set(Atom(sbt.plugins.SemanticdbPlugin)))
[debug] Clause(Atom(sbt.plugins.JvmPlugin),Set(Atom(sbt.plugins.JUnitXmlReportPlugin)))
[debug] Clause(Atom(sbt.plugins.CorePlugin),Set(Atom(sbt.plugins.Giter8TemplatePlugin)))
[debug] Clause(Atom(sbt.plugins.JvmPlugin),Set(Atom(sbt.plugins.MiniDependencyTreePlugin)))
[debug] Clause(Atom(sbt.plugins.JvmPlugin),Set(Atom(org.jetbrains.sbt.StructurePlugin)))
[debug] Clause(Atom(sbt.plugins.JvmPlugin),Set(Atom(org.jetbrains.sbt.IdeaShellPlugin)))
[debug] Clause(And(Set(Atom(sbt.plugins.CorePlugin), Atom(sbt.plugins.JvmPlugin))),Set(Atom(org.jetbrains.sbt.indices.SbtIntellijIndicesPlugin))))
[debug]   :: deduced result: Matched(sbt.plugins.CorePlugin,sbt.plugins.Giter8TemplatePlugin,sbt.plugins.IvyPlugin,sbt.plugins.JvmPlugin,sbt.plugins.SemanticdbPlugin,org.jetbrains.sbt.indices.SbtIntellijIndicesPlugin,sbt.plugins.JUnitXmlReportPlugin,org.jetbrains.sbt.IdeaShellPlugin,org.jetbrains.sbt.StructurePlugin,sbt.plugins.MiniDependencyTreePlugin)
[debug] Plugins.deducer#function took 1.8322 ms
[info] loading settings for project root from build.sbt ...
[debug]         Load.resolveProject(root) took 19.5302ms
[debug]       Load.loadTransitive: finalizeProject(Project(id root, base: C:\Users\Papou\Desktop\INF424_Spark_Analytics_2024, plugins: List(<none>))) took 22.6813ms
[debug] [Loading] Done in C:\Users\Papou\Desktop\INF424_Spark_Analytics_2024, returning: (root)
[debug]     Load.loadUnit: loadedProjectsRaw took 76.9944ms
[debug]     Load.loadUnit: cleanEvalClasses took 3.771ms
[debug]   Load.loadUnit(file:/C:/Users/Papou/Desktop/INF424_Spark_Analytics_2024/, ...) took 1593.4457ms
[debug] Load.apply: load took 1606.7574ms
[debug] Load.apply: resolveProjects took 0.0901ms
[debug] Load.apply: finalTransforms took 22.0065ms
[debug] Load.apply: config.delegates took 0.2594ms
[debug] Load.apply: Def.make(settings)... took 53.6917ms
[debug] Load.apply: structureIndex took 19.5352ms
[debug] Load.apply: mkStreams took 0.0035ms
[info] set current project to INF424_Spark_Analytics_2024 (in build file:/C:/Users/Papou/Desktop/INF424_Spark_Analytics_2024/)
[debug] > Exec(sbtPopOnFailure, None, None)
[debug] > Exec(resumeFromFailure, None, None)
[debug] > Exec(notifyUsersAboutShell, None, None)
[debug] > Exec(iflast shell, None, None)
[debug] > Exec(; set ideaPort in Global := 54232 ; idea-shell, None, None)
[debug] > Exec(set ideaPort in Global := 54232, None, None)
[info] Defining Global / ideaPort
[info] The new value will be used by Compile / compile, Test / compile
[debug] Defining 
[debug] 	Global / ideaPort
[debug] 
[debug] The new value will be used by 
[debug] 	Compile / compile
[debug] 	Test / compile
[info] Reapplying settings...
[info] set current project to INF424_Spark_Analytics_2024 (in build file:/C:/Users/Papou/Desktop/INF424_Spark_Analytics_2024/)
[debug] > Exec(idea-shell, None, None)
