[debug] > Exec(early(addDefaultCommands), None, None)
[debug] > Exec(addDefaultCommands, None, None)
[debug] > Exec(early(initialize), None, None)
[debug] > Exec(initialize, None, None)
[debug] > Exec(early(addPluginSbtFile="""C:\Users\Papou\AppData\Local\Temp\idea.sbt"""), None, None)
[debug] > Exec(addPluginSbtFile="""C:\Users\Papou\AppData\Local\Temp\idea.sbt""", None, None)
[debug] > Exec(boot, None, None)
[debug] > Exec(writeSbtVersion, None, None)
[debug] > Exec(reload, None, None)
[debug] > Exec(sbtStashOnFailure, None, None)
[debug] > Exec(onFailure loadFailed, None, None)
[debug] > Exec(loadp, None, None)
[info] welcome to sbt 1.9.8 (Oracle Corporation Java 11.0.23)
[debug] Load.defaultLoad until apply took 87.075901ms
[debug]           Load.loadUnit: plugins took 73.4897ms
[debug]           Load.loadUnit: defsScala took 0.2682ms
[debug] [Loading] Scanning directory C:\Users\Papou\Desktop\application_scenario_2\project
[debug]             Load.loadUnit: mkEval took 7.2704ms
[debug] [Loading] Found non-root projects 
[debug] [Loading] Done in C:\Users\Papou\Desktop\application_scenario_2\project, returning: ()
[debug] deducing auto plugins based on known facts Set(Atom(sbt.plugins.CorePlugin)) and clauses Clauses(Clause(Atom(sbt.plugins.JvmPlugin),Set(Atom(sbt.plugins.IvyPlugin)))
[debug] Clause(Atom(sbt.ScriptedPlugin),Set(Atom(sbt.plugins.JvmPlugin)))
[debug] Clause(Atom(sbt.plugins.SbtPlugin),Set(Atom(sbt.ScriptedPlugin)))
[debug] Clause(Atom(sbt.plugins.SemanticdbPlugin),Set(Atom(sbt.plugins.JvmPlugin)))
[debug] Clause(Atom(sbt.plugins.JUnitXmlReportPlugin),Set(Atom(sbt.plugins.JvmPlugin)))
[debug] Clause(Atom(sbt.plugins.MiniDependencyTreePlugin),Set(Atom(sbt.plugins.JvmPlugin)))
[debug] Clause(Atom(sbt.plugins.CorePlugin),Set(Atom(sbt.plugins.IvyPlugin)))
[debug] Clause(Atom(sbt.plugins.IvyPlugin),Set(Atom(sbt.plugins.JvmPlugin)))
[debug] Clause(Atom(sbt.plugins.JvmPlugin),Set(Atom(sbt.plugins.SemanticdbPlugin)))
[debug] Clause(Atom(sbt.plugins.JvmPlugin),Set(Atom(sbt.plugins.JUnitXmlReportPlugin)))
[debug] Clause(Atom(sbt.plugins.CorePlugin),Set(Atom(sbt.plugins.Giter8TemplatePlugin)))
[debug] Clause(Atom(sbt.plugins.JvmPlugin),Set(Atom(sbt.plugins.MiniDependencyTreePlugin))))
[debug]   :: deduced result: Matched(sbt.plugins.CorePlugin,sbt.plugins.Giter8TemplatePlugin,sbt.plugins.IvyPlugin,sbt.plugins.JvmPlugin,sbt.plugins.MiniDependencyTreePlugin,sbt.plugins.JUnitXmlReportPlugin,sbt.plugins.SemanticdbPlugin)
[debug] Plugins.deducer#function took 12.042601 ms
[info] loading settings for project application_scenario_2-build from idea.sbt ...
[debug]               Load.resolveProject(application_scenario_2-build) took 32.440301ms
[debug]             Load.loadTransitive: finalizeProject(Project(id application_scenario_2-build, base: C:\Users\Papou\Desktop\application_scenario_2\project, plugins: List(<none>))) took 50.0273ms
[debug] [Loading] Done in C:\Users\Papou\Desktop\application_scenario_2\project, returning: (application_scenario_2-build)
[debug]           Load.loadUnit: loadedProjectsRaw took 1949.222001ms
[debug]           Load.loadUnit: cleanEvalClasses took 4.4903ms
[debug]         Load.loadUnit(file:/C:/Users/Papou/Desktop/application_scenario_2/project/, ...) took 2031.4736ms
[debug]       Load.apply: load took 2122.4155ms
[debug]       Load.apply: resolveProjects took 4.4895ms
[debug]       Load.apply: finalTransforms took 41.2704ms
[debug]       Load.apply: config.delegates took 4.5395ms
[debug]       Load.apply: Def.make(settings)... took 270.883601ms
[debug]       Load.apply: structureIndex took 57.616ms
[debug]       Load.apply: mkStreams took 1.1413ms
[info] loading project definition from C:\Users\Papou\Desktop\application_scenario_2\project
[debug] Running task... Cancel: Signal, check cycles: false, forcegc: true
[debug]     Load.loadUnit: plugins took 3820.5516ms
[debug]     Load.loadUnit: defsScala took 0.0026ms
[debug] [Loading] Scanning directory C:\Users\Papou\Desktop\application_scenario_2
[debug]       Load.loadUnit: mkEval took 0.2296ms
[debug] [Loading] Found root project root w/ remaining 
[debug] deducing auto plugins based on known facts Set(Atom(sbt.plugins.CorePlugin)) and clauses Clauses(Clause(Atom(sbt.plugins.JvmPlugin),Set(Atom(sbt.plugins.IvyPlugin)))
[debug] Clause(Atom(sbt.ScriptedPlugin),Set(Atom(sbt.plugins.JvmPlugin)))
[debug] Clause(Atom(sbt.plugins.SbtPlugin),Set(Atom(sbt.ScriptedPlugin)))
[debug] Clause(Atom(sbt.plugins.SemanticdbPlugin),Set(Atom(sbt.plugins.JvmPlugin)))
[debug] Clause(Atom(sbt.plugins.JUnitXmlReportPlugin),Set(Atom(sbt.plugins.JvmPlugin)))
[debug] Clause(Atom(sbt.plugins.MiniDependencyTreePlugin),Set(Atom(sbt.plugins.JvmPlugin)))
[debug] Clause(Atom(org.jetbrains.sbt.StructurePlugin),Set(Atom(sbt.plugins.JvmPlugin)))
[debug] Clause(Atom(org.jetbrains.sbt.IdeaShellPlugin),Set(Atom(sbt.plugins.JvmPlugin)))
[debug] Clause(Atom(org.jetbrains.sbt.indices.SbtIntellijIndicesPlugin),Set(Atom(sbt.plugins.JvmPlugin)))
[debug] Clause(Atom(sbt.plugins.CorePlugin),Set(Atom(sbt.plugins.IvyPlugin)))
[debug] Clause(Atom(sbt.plugins.IvyPlugin),Set(Atom(sbt.plugins.JvmPlugin)))
[debug] Clause(Atom(sbt.plugins.JvmPlugin),Set(Atom(sbt.plugins.SemanticdbPlugin)))
[debug] Clause(Atom(sbt.plugins.JvmPlugin),Set(Atom(sbt.plugins.JUnitXmlReportPlugin)))
[debug] Clause(Atom(sbt.plugins.CorePlugin),Set(Atom(sbt.plugins.Giter8TemplatePlugin)))
[debug] Clause(Atom(sbt.plugins.JvmPlugin),Set(Atom(sbt.plugins.MiniDependencyTreePlugin)))
[debug] Clause(Atom(sbt.plugins.JvmPlugin),Set(Atom(org.jetbrains.sbt.StructurePlugin)))
[debug] Clause(Atom(sbt.plugins.JvmPlugin),Set(Atom(org.jetbrains.sbt.IdeaShellPlugin)))
[debug] Clause(And(Set(Atom(sbt.plugins.CorePlugin), Atom(sbt.plugins.JvmPlugin))),Set(Atom(org.jetbrains.sbt.indices.SbtIntellijIndicesPlugin))))
[debug]   :: deduced result: Matched(sbt.plugins.CorePlugin,sbt.plugins.Giter8TemplatePlugin,sbt.plugins.IvyPlugin,sbt.plugins.JvmPlugin,sbt.plugins.SemanticdbPlugin,org.jetbrains.sbt.indices.SbtIntellijIndicesPlugin,sbt.plugins.JUnitXmlReportPlugin,org.jetbrains.sbt.IdeaShellPlugin,org.jetbrains.sbt.StructurePlugin,sbt.plugins.MiniDependencyTreePlugin)
[debug] Plugins.deducer#function took 2.003601 ms
[info] loading settings for project root from build.sbt ...
[debug]         Load.resolveProject(root) took 31.1903ms
[debug]       Load.loadTransitive: finalizeProject(Project(id root, base: C:\Users\Papou\Desktop\application_scenario_2, plugins: List(<none>))) took 34.883501ms
[debug] [Loading] Done in C:\Users\Papou\Desktop\application_scenario_2, returning: (root)
[debug]     Load.loadUnit: loadedProjectsRaw took 930.2054ms
[debug]     Load.loadUnit: cleanEvalClasses took 6.675299ms
[debug]   Load.loadUnit(file:/C:/Users/Papou/Desktop/application_scenario_2/, ...) took 4758.4805ms
[debug] Load.apply: load took 4772.9836ms
[debug] Load.apply: resolveProjects took 0.172101ms
[debug] Load.apply: finalTransforms took 27.3626ms
[debug] Load.apply: config.delegates took 0.268399ms
[debug] Load.apply: Def.make(settings)... took 57.0956ms
[debug] Load.apply: structureIndex took 20.663501ms
[debug] Load.apply: mkStreams took 0.002401ms
[info] set current project to application_scenario_2 (in build file:/C:/Users/Papou/Desktop/application_scenario_2/)
[debug] > Exec(sbtPopOnFailure, None, None)
[debug] > Exec(resumeFromFailure, None, None)
[debug] > Exec(notifyUsersAboutShell, None, None)
[debug] > Exec(iflast shell, None, None)
[debug] > Exec(; set ideaPort in Global := 49926 ; idea-shell, None, None)
[debug] > Exec(set ideaPort in Global := 49926, None, None)
[info] Defining Global / ideaPort
[info] The new value will be used by Compile / compile, Test / compile
[debug] Defining 
[debug] 	Global / ideaPort
[debug] 
[debug] The new value will be used by 
[debug] 	Compile / compile
[debug] 	Test / compile
[info] Reapplying settings...
[info] set current project to application_scenario_2 (in build file:/C:/Users/Papou/Desktop/application_scenario_2/)
[debug] > Exec(idea-shell, None, None)
